# JRE version: Java(TM) SE Runtime Environment (8.0_181-b13) (build 1.8.0_181-b13)
# Java VM: Java HotSpot(TM) 64-Bit Server VM (25.181-b13 mixed mode windows-amd64 compressed oops)
Heap:
 PSYoungGen      total 18944K, used 8273K [0x00000000eb180000, 0x00000000ec680000, 0x0000000100000000)
  eden space 16384K, 36% used [0x00000000eb180000,0x00000000eb75a210,0x00000000ec180000)
  from space 2560K, 89% used [0x00000000ec180000,0x00000000ec3ba558,0x00000000ec400000)
  to   space 2560K, 0% used [0x00000000ec400000,0x00000000ec400000,0x00000000ec680000)
 ParOldGen       total 29696K, used 8800K [0x00000000c1400000, 0x00000000c3100000, 0x00000000eb180000)
  object space 29696K, 29% used [0x00000000c1400000,0x00000000c1c98160,0x00000000c3100000)
 Metaspace       used 25749K, capacity 26388K, committed 26544K, reserved 1073152K
  class space    used 3275K, capacity 3430K, committed 3504K, reserved 1048576K
GC Heap History (10 events):
Event: 26.584 GC heap before
{Heap before GC invocations=8 (full 0):
 PSYoungGen      total 18944K, used 18937K [0x00000000eb180000, 0x00000000ec680000, 0x0000000100000000)
  eden space 16384K, 100% used [0x00000000eb180000,0x00000000ec180000,0x00000000ec180000)
  from space 2560K, 99% used [0x00000000ec180000,0x00000000ec3fe4a8,0x00000000ec400000)
  to   space 2560K, 0% used [0x00000000ec400000,0x00000000ec400000,0x00000000ec680000)
 ParOldGen       total 44032K, used 9414K [0x00000000c1400000, 0x00000000c3f00000, 0x00000000eb180000)
  object space 44032K, 21% used [0x00000000c1400000,0x00000000c1d31a28,0x00000000c3f00000)
 Metaspace       used 19137K, capacity 19654K, committed 19840K, reserved 1067008K
  class space    used 2515K, capacity 2663K, committed 2688K, reserved 1048576K
Event: 26.593 GC heap after
Heap after GC invocations=8 (full 0):
 PSYoungGen      total 18944K, used 2558K [0x00000000eb180000, 0x00000000ec680000, 0x0000000100000000)
  eden space 16384K, 0% used [0x00000000eb180000,0x00000000eb180000,0x00000000ec180000)
  from space 2560K, 99% used [0x00000000ec400000,0x00000000ec67f9d8,0x00000000ec680000)
  to   space 2560K, 0% used [0x00000000ec180000,0x00000000ec180000,0x00000000ec400000)
 ParOldGen       total 44032K, used 10378K [0x00000000c1400000, 0x00000000c3f00000, 0x00000000eb180000)
  object space 44032K, 23% used [0x00000000c1400000,0x00000000c1e22958,0x00000000c3f00000)
 Metaspace       used 19137K, capacity 19654K, committed 19840K, reserved 1067008K
  class space    used 2515K, capacity 2663K, committed 2688K, reserved 1048576K
}
Event: 26.907 GC heap before
{Heap before GC invocations=9 (full 0):
 PSYoungGen      total 18944K, used 12693K [0x00000000eb180000, 0x00000000ec680000, 0x0000000100000000)
  eden space 16384K, 61% used [0x00000000eb180000,0x00000000ebb65d68,0x00000000ec180000)
  from space 2560K, 99% used [0x00000000ec400000,0x00000000ec67f9d8,0x00000000ec680000)
  to   space 2560K, 0% used [0x00000000ec180000,0x00000000ec180000,0x00000000ec400000)
 ParOldGen       total 44032K, used 10378K [0x00000000c1400000, 0x00000000c3f00000, 0x00000000eb180000)
  object space 44032K, 23% used [0x00000000c1400000,0x00000000c1e22958,0x00000000c3f00000)
 Metaspace       used 20669K, capacity 21228K, committed 21296K, reserved 1067008K
  class space    used 2656K, capacity 2826K, committed 2864K, reserved 1048576K
Event: 26.918 GC heap after
Heap after GC invocations=9 (full 0):
 PSYoungGen      total 18944K, used 2539K [0x00000000eb180000, 0x00000000ec680000, 0x0000000100000000)
  eden space 16384K, 0% used [0x00000000eb180000,0x00000000eb180000,0x00000000ec180000)
  from space 2560K, 99% used [0x00000000ec180000,0x00000000ec3fac58,0x00000000ec400000)
  to   space 2560K, 0% used [0x00000000ec400000,0x00000000ec400000,0x00000000ec680000)
 ParOldGen       total 44032K, used 11418K [0x00000000c1400000, 0x00000000c3f00000, 0x00000000eb180000)
  object space 44032K, 25% used [0x00000000c1400000,0x00000000c1f26bf8,0x00000000c3f00000)
 Metaspace       used 20669K, capacity 21228K, committed 21296K, reserved 1067008K
  class space    used 2656K, capacity 2826K, committed 2864K, reserved 1048576K
}
Event: 26.918 GC heap before
{Heap before GC invocations=10 (full 1):
 PSYoungGen      total 18944K, used 2539K [0x00000000eb180000, 0x00000000ec680000, 0x0000000100000000)
  eden space 16384K, 0% used [0x00000000eb180000,0x00000000eb180000,0x00000000ec180000)
  from space 2560K, 99% used [0x00000000ec180000,0x00000000ec3fac58,0x00000000ec400000)
  to   space 2560K, 0% used [0x00000000ec400000,0x00000000ec400000,0x00000000ec680000)
 ParOldGen       total 44032K, used 11418K [0x00000000c1400000, 0x00000000c3f00000, 0x00000000eb180000)
  object space 44032K, 25% used [0x00000000c1400000,0x00000000c1f26bf8,0x00000000c3f00000)
 Metaspace       used 20669K, capacity 21228K, committed 21296K, reserved 1067008K
  class space    used 2656K, capacity 2826K, committed 2864K, reserved 1048576K
Event: 27.048 GC heap after
Heap after GC invocations=10 (full 1):
 PSYoungGen      total 18944K, used 0K [0x00000000eb180000, 0x00000000ec680000, 0x0000000100000000)
  eden space 16384K, 0% used [0x00000000eb180000,0x00000000eb180000,0x00000000ec180000)
  from space 2560K, 0% used [0x00000000ec180000,0x00000000ec180000,0x00000000ec400000)
  to   space 2560K, 0% used [0x00000000ec400000,0x00000000ec400000,0x00000000ec680000)
 ParOldGen       total 29696K, used 7777K [0x00000000c1400000, 0x00000000c3100000, 0x00000000eb180000)
  object space 29696K, 26% used [0x00000000c1400000,0x00000000c1b98670,0x00000000c3100000)
 Metaspace       used 20669K, capacity 21228K, committed 21296K, reserved 1067008K
  class space    used 2656K, capacity 2826K, committed 2864K, reserved 1048576K
}
Event: 27.896 GC heap before
{Heap before GC invocations=11 (full 1):
 PSYoungGen      total 18944K, used 16384K [0x00000000eb180000, 0x00000000ec680000, 0x0000000100000000)
  eden space 16384K, 100% used [0x00000000eb180000,0x00000000ec180000,0x00000000ec180000)
  from space 2560K, 0% used [0x00000000ec180000,0x00000000ec180000,0x00000000ec400000)
  to   space 2560K, 0% used [0x00000000ec400000,0x00000000ec400000,0x00000000ec680000)
 ParOldGen       total 29696K, used 7777K [0x00000000c1400000, 0x00000000c3100000, 0x00000000eb180000)
  object space 29696K, 26% used [0x00000000c1400000,0x00000000c1b98670,0x00000000c3100000)
 Metaspace       used 23638K, capacity 24230K, committed 24496K, reserved 1071104K
  class space    used 3049K, capacity 3209K, committed 3248K, reserved 1048576K
Event: 27.902 GC heap after
Heap after GC invocations=11 (full 1):
 PSYoungGen      total 18944K, used 2536K [0x00000000eb180000, 0x00000000ec680000, 0x0000000100000000)
  eden space 16384K, 0% used [0x00000000eb180000,0x00000000eb180000,0x00000000ec180000)
  from space 2560K, 99% used [0x00000000ec400000,0x00000000ec67a338,0x00000000ec680000)
  to   space 2560K, 0% used [0x00000000ec180000,0x00000000ec180000,0x00000000ec400000)
 ParOldGen       total 29696K, used 8095K [0x00000000c1400000, 0x00000000c3100000, 0x00000000eb180000)
  object space 29696K, 27% used [0x00000000c1400000,0x00000000c1be7e48,0x00000000c3100000)
 Metaspace       used 23638K, capacity 24230K, committed 24496K, reserved 1071104K
  class space    used 3049K, capacity 3209K, committed 3248K, reserved 1048576K
}
Event: 28.666 GC heap before
{Heap before GC invocations=12 (full 1):
 PSYoungGen      total 18944K, used 18920K [0x00000000eb180000, 0x00000000ec680000, 0x0000000100000000)
  eden space 16384K, 100% used [0x00000000eb180000,0x00000000ec180000,0x00000000ec180000)
  from space 2560K, 99% used [0x00000000ec400000,0x00000000ec67a338,0x00000000ec680000)
  to   space 2560K, 0% used [0x00000000ec180000,0x00000000ec180000,0x00000000ec400000)
 ParOldGen       total 29696K, used 8095K [0x00000000c1400000, 0x00000000c3100000, 0x00000000eb180000)
  object space 29696K, 27% used [0x00000000c1400000,0x00000000c1be7e48,0x00000000c3100000)
 Metaspace       used 25247K, capacity 25908K, committed 26032K, reserved 1071104K
  class space    used 3238K, capacity 3398K, committed 3504K, reserved 1048576K
Event: 28.674 GC heap after
Heap after GC invocations=12 (full 1):
 PSYoungGen      total 18944K, used 2281K [0x00000000eb180000, 0x00000000ec680000, 0x0000000100000000)
  eden space 16384K, 0% used [0x00000000eb180000,0x00000000eb180000,0x00000000ec180000)
  from space 2560K, 89% used [0x00000000ec180000,0x00000000ec3ba558,0x00000000ec400000)
  to   space 2560K, 0% used [0x00000000ec400000,0x00000000ec400000,0x00000000ec680000)
 ParOldGen       total 29696K, used 8800K [0x00000000c1400000, 0x00000000c3100000, 0x00000000eb180000)
  object space 29696K, 29% used [0x00000000c1400000,0x00000000c1c98160,0x00000000c3100000)
 Metaspace       used 25247K, capacity 25908K, committed 26032K, reserved 1071104K
  class space    used 3238K, capacity 3398K, committed 3504K, reserved 1048576K
}

